<?xml version="1.0" encoding="UTF-8"?>
<!-- Generated by org.testng.reporters.JUnitXMLReporter -->
<testsuite hostname="mengfeifeideMacBook-Pro.local" name="Test" tests="7" failures="3" timestamp="19 Jul 2017 13:34:22 GMT" time="362.25" errors="0">
  <testcase name="logoutTest" time="15.658" classname="test.LogoutTest"/>
  <testcase name="loginTest" time="29.196" classname="test.LoginTest"/>
  <testcase name="goThroughPeishiTest" time="71.008" classname="test.GoThroughPeishiSortTest">
    <failure type="java.lang.AssertionError" message="expected [] but found [没有更多了]">
      <![CDATA[java.lang.AssertionError: expected [] but found [没有更多了]
	at test.GoThroughPeishiSortTest.goThroughPeishiTest(GoThroughPeishiSortTest.java:51)
	at com.intellij.rt.execution.application.AppMain.main(AppMain.java:147)
... Removed 32 stack frames]]>
    </failure>
  </testcase> <!-- goThroughPeishiTest -->
  <testcase name="goThroughPresentTest" time="56.578" classname="test.GoThroughPresentSortTest">
    <failure type="java.lang.AssertionError" message="expected [] but found [没有更多了]">
      <![CDATA[java.lang.AssertionError: expected [] but found [没有更多了]
	at test.GoThroughPresentSortTest.goThroughPresentTest(GoThroughPresentSortTest.java:51)
	at com.intellij.rt.execution.application.AppMain.main(AppMain.java:147)
... Removed 32 stack frames]]>
    </failure>
  </testcase> <!-- goThroughPresentTest -->
  <testcase name="goThroughGirlClothTest" time="48.36" classname="test.GoThroughGirlClothSortTest">
    <failure type="java.lang.AssertionError" message="expected [] but found [没有更多了]">
      <![CDATA[java.lang.AssertionError: expected [] but found [没有更多了]
	at test.GoThroughGirlClothSortTest.goThroughGirlClothTest(GoThroughGirlClothSortTest.java:51)
	at com.intellij.rt.execution.application.AppMain.main(AppMain.java:147)
... Removed 32 stack frames]]>
    </failure>
  </testcase> <!-- goThroughGirlClothTest -->
  <testcase name="goThroughHotSortTest" time="38.737" classname="test.GoThroughHotSortTest"/>
  <testcase name="goThroughMainPageTest" time="48.148" classname="test.GoThroughMainPageTest"/>
</testsuite> <!-- Test -->
